# JRE version: OpenJDK Runtime Environment (8.0_242) (build 1.8.0_242-release-1644-b3-6222593)
# Java VM: OpenJDK 64-Bit Server VM (25.242-b3-6222593 mixed mode bsd-amd64 compressed oops)
Heap:
 PSYoungGen      total 211968K, used 17328K [0x0000000795580000, 0x00000007a4500000, 0x00000007c0000000)
  eden space 192000K, 0% used [0x0000000795580000,0x0000000795580000,0x00000007a1100000)
  from space 19968K, 86% used [0x00000007a2680000,0x00000007a376c188,0x00000007a3a00000)
  to   space 22016K, 0% used [0x00000007a1100000,0x00000007a1100000,0x00000007a2680000)
 ParOldGen       total 99328K, used 28397K [0x0000000740000000, 0x0000000746100000, 0x0000000795580000)
  object space 99328K, 28% used [0x0000000740000000,0x0000000741bbb7f0,0x0000000746100000)
 Metaspace       used 56973K, capacity 59054K, committed 59136K, reserved 1099776K
  class space    used 7648K, capacity 8115K, committed 8192K, reserved 1048576K
GC Heap History (10 events):
Event: 19.615 GC heap after
Heap after GC invocations=8 (full 1):
 PSYoungGen      total 141312K, used 10798K [0x0000000795580000, 0x00000007a0780000, 0x00000007c0000000)
  eden space 129536K, 0% used [0x0000000795580000,0x0000000795580000,0x000000079d400000)
  from space 11776K, 91% used [0x000000079d400000,0x000000079de8b9f8,0x000000079df80000)
  to   space 13312K, 0% used [0x000000079fa80000,0x000000079fa80000,0x00000007a0780000)
 ParOldGen       total 65536K, used 13013K [0x0000000740000000, 0x0000000744000000, 0x0000000795580000)
  object space 65536K, 19% used [0x0000000740000000,0x0000000740cb5770,0x0000000744000000)
 Metaspace       used 34509K, capacity 35392K, committed 35496K, reserved 1079296K
  class space    used 4579K, capacity 4846K, committed 4864K, reserved 1048576K
}
Event: 19.615 GC heap before
{Heap before GC invocations=9 (full 2):
 PSYoungGen      total 141312K, used 10798K [0x0000000795580000, 0x00000007a0780000, 0x00000007c0000000)
  eden space 129536K, 0% used [0x0000000795580000,0x0000000795580000,0x000000079d400000)
  from space 11776K, 91% used [0x000000079d400000,0x000000079de8b9f8,0x000000079df80000)
  to   space 13312K, 0% used [0x000000079fa80000,0x000000079fa80000,0x00000007a0780000)
 ParOldGen       total 65536K, used 13013K [0x0000000740000000, 0x0000000744000000, 0x0000000795580000)
  object space 65536K, 19% used [0x0000000740000000,0x0000000740cb5770,0x0000000744000000)
 Metaspace       used 34509K, capacity 35392K, committed 35496K, reserved 1079296K
  class space    used 4579K, capacity 4846K, committed 4864K, reserved 1048576K
Event: 19.762 GC heap after
Heap after GC invocations=9 (full 2):
 PSYoungGen      total 141312K, used 0K [0x0000000795580000, 0x00000007a0780000, 0x00000007c0000000)
  eden space 129536K, 0% used [0x0000000795580000,0x0000000795580000,0x000000079d400000)
  from space 11776K, 0% used [0x000000079d400000,0x000000079d400000,0x000000079df80000)
  to   space 13312K, 0% used [0x000000079fa80000,0x000000079fa80000,0x00000007a0780000)
 ParOldGen       total 99328K, used 17453K [0x0000000740000000, 0x0000000746100000, 0x0000000795580000)
  object space 99328K, 17% used [0x0000000740000000,0x000000074110b778,0x0000000746100000)
 Metaspace       used 34497K, capacity 35376K, committed 35496K, reserved 1079296K
  class space    used 4575K, capacity 4842K, committed 4864K, reserved 1048576K
}
Event: 24.854 GC heap before
{Heap before GC invocations=10 (full 2):
 PSYoungGen      total 141312K, used 129536K [0x0000000795580000, 0x00000007a0780000, 0x00000007c0000000)
  eden space 129536K, 100% used [0x0000000795580000,0x000000079d400000,0x000000079d400000)
  from space 11776K, 0% used [0x000000079d400000,0x000000079d400000,0x000000079df80000)
  to   space 13312K, 0% used [0x000000079fa80000,0x000000079fa80000,0x00000007a0780000)
 ParOldGen       total 99328K, used 17453K [0x0000000740000000, 0x0000000746100000, 0x0000000795580000)
  object space 99328K, 17% used [0x0000000740000000,0x000000074110b778,0x0000000746100000)
 Metaspace       used 39883K, capacity 41310K, committed 41600K, reserved 1085440K
  class space    used 5376K, capacity 5710K, committed 5760K, reserved 1048576K
Event: 24.894 GC heap after
Heap after GC invocations=10 (full 2):
 PSYoungGen      total 168448K, used 10768K [0x0000000795580000, 0x00000007a2380000, 0x00000007c0000000)
  eden space 155136K, 0% used [0x0000000795580000,0x0000000795580000,0x000000079ed00000)
  from space 13312K, 80% used [0x000000079fa80000,0x00000007a0504298,0x00000007a0780000)
  to   space 13824K, 0% used [0x000000079ed00000,0x000000079ed00000,0x000000079fa80000)
 ParOldGen       total 99328K, used 17461K [0x0000000740000000, 0x0000000746100000, 0x0000000795580000)
  object space 99328K, 17% used [0x0000000740000000,0x000000074110d778,0x0000000746100000)
 Metaspace       used 39883K, capacity 41310K, committed 41600K, reserved 1085440K
  class space    used 5376K, capacity 5710K, committed 5760K, reserved 1048576K
}
Event: 33.713 GC heap before
{Heap before GC invocations=11 (full 2):
 PSYoungGen      total 168448K, used 165904K [0x0000000795580000, 0x00000007a2380000, 0x00000007c0000000)
  eden space 155136K, 100% used [0x0000000795580000,0x000000079ed00000,0x000000079ed00000)
  from space 13312K, 80% used [0x000000079fa80000,0x00000007a0504298,0x00000007a0780000)
  to   space 13824K, 0% used [0x000000079ed00000,0x000000079ed00000,0x000000079fa80000)
 ParOldGen       total 99328K, used 17461K [0x0000000740000000, 0x0000000746100000, 0x0000000795580000)
  object space 99328K, 17% used [0x0000000740000000,0x000000074110d778,0x0000000746100000)
 Metaspace       used 54090K, capacity 56086K, committed 56320K, reserved 1097728K
  class space    used 7159K, capacity 7619K, committed 7680K, reserved 1048576K
Event: 33.807 GC heap after
Heap after GC invocations=11 (full 2):
 PSYoungGen      total 168960K, used 13820K [0x0000000795580000, 0x00000007a3a00000, 0x00000007c0000000)
  eden space 155136K, 0% used [0x0000000795580000,0x0000000795580000,0x000000079ed00000)
  from space 13824K, 99% used [0x000000079ed00000,0x000000079fa7f330,0x000000079fa80000)
  to   space 19968K, 0% used [0x00000007a2680000,0x00000007a2680000,0x00000007a3a00000)
 ParOldGen       total 99328K, used 28397K [0x0000000740000000, 0x0000000746100000, 0x0000000795580000)
  object space 99328K, 28% used [0x0000000740000000,0x0000000741bbb7f0,0x0000000746100000)
 Metaspace       used 54090K, capacity 56086K, committed 56320K, reserved 1097728K
  class space    used 7159K, capacity 7619K, committed 7680K, reserved 1048576K
}
Event: 36.246 GC heap before
{Heap before GC invocations=12 (full 2):
 PSYoungGen      total 168960K, used 40993K [0x0000000795580000, 0x00000007a3a00000, 0x00000007c0000000)
  eden space 155136K, 17% used [0x0000000795580000,0x00000007970091a0,0x000000079ed00000)
  from space 13824K, 99% used [0x000000079ed00000,0x000000079fa7f330,0x000000079fa80000)
  to   space 19968K, 0% used [0x00000007a2680000,0x00000007a2680000,0x00000007a3a00000)
 ParOldGen       total 99328K, used 28397K [0x0000000740000000, 0x0000000746100000, 0x0000000795580000)
  object space 99328K, 28% used [0x0000000740000000,0x0000000741bbb7f0,0x0000000746100000)
 Metaspace       used 56973K, capacity 59054K, committed 59136K, reserved 1099776K
  class space    used 7648K, capacity 8115K, committed 8192K, reserved 1048576K
Event: 36.308 GC heap after
Heap after GC invocations=12 (full 2):
 PSYoungGen      total 211968K, used 17328K [0x0000000795580000, 0x00000007a4500000, 0x00000007c0000000)
  eden space 192000K, 0% used [0x0000000795580000,0x0000000795580000,0x00000007a1100000)
  from space 19968K, 86% used [0x00000007a2680000,0x00000007a376c188,0x00000007a3a00000)
  to   space 22016K, 0% used [0x00000007a1100000,0x00000007a1100000,0x00000007a2680000)
 ParOldGen       total 99328K, used 28397K [0x0000000740000000, 0x0000000746100000, 0x0000000795580000)
  object space 99328K, 28% used [0x0000000740000000,0x0000000741bbb7f0,0x0000000746100000)
 Metaspace       used 56973K, capacity 59054K, committed 59136K, reserved 1099776K
  class space    used 7648K, capacity 8115K, committed 8192K, reserved 1048576K
}
Event: 36.308 GC heap before
{Heap before GC invocations=13 (full 3):
 PSYoungGen      total 211968K, used 17328K [0x0000000795580000, 0x00000007a4500000, 0x00000007c0000000)
  eden space 192000K, 0% used [0x0000000795580000,0x0000000795580000,0x00000007a1100000)
  from space 19968K, 86% used [0x00000007a2680000,0x00000007a376c188,0x00000007a3a00000)
  to   space 22016K, 0% used [0x00000007a1100000,0x00000007a1100000,0x00000007a2680000)
 ParOldGen       total 99328K, used 28397K [0x0000000740000000, 0x0000000746100000, 0x0000000795580000)
  object space 99328K, 28% used [0x0000000740000000,0x0000000741bbb7f0,0x0000000746100000)
 Metaspace       used 56973K, capacity 59054K, committed 59136K, reserved 1099776K
  class space    used 7648K, capacity 8115K, committed 8192K, reserved 1048576K

